2023-05-03 08:57:22,486 INFO: Application startup [in /app/app.py:68]
2023-05-03 09:07:03,023 INFO: Application startup [in /app/app.py:68]
2023-05-03 09:10:42,102 INFO: Application startup [in /app/app.py:68]
2023-05-03 09:10:53,639 INFO: update_cart route called [in /app/app.py:362]
2023-05-03 09:10:53,640 INFO: Request payload: {'action': 'decrement', 'item_id': '644fdd1527d4a8df36e00e34', 'quantity': 3} [in /app/app.py:363]
2023-05-03 09:10:53,832 INFO: Cart updated successfully [in /app/app.py:399]
2023-05-03 09:10:56,163 INFO: update_cart route called [in /app/app.py:362]
2023-05-03 09:10:56,164 INFO: Request payload: {'action': 'increment', 'item_id': '644fdd1527d4a8df36e00e34', 'quantity': 4} [in /app/app.py:363]
2023-05-03 09:10:56,339 INFO: Cart updated successfully [in /app/app.py:399]
2023-05-03 09:10:58,666 INFO: update_cart route called [in /app/app.py:362]
2023-05-03 09:10:58,667 INFO: Request payload: {'action': 'decrement', 'item_id': '644fdd1527d4a8df36e00e34', 'quantity': 3} [in /app/app.py:363]
2023-05-03 09:10:58,835 INFO: Cart updated successfully [in /app/app.py:399]
2023-05-03 09:11:00,634 INFO: update_cart route called [in /app/app.py:362]
2023-05-03 09:11:00,635 INFO: Request payload: {'action': 'decrement', 'item_id': '644fdd1527d4a8df36e00e34', 'quantity': 2} [in /app/app.py:363]
2023-05-03 09:11:00,813 INFO: Cart updated successfully [in /app/app.py:399]
2023-05-03 09:11:02,668 INFO: update_cart route called [in /app/app.py:362]
2023-05-03 09:11:02,669 INFO: Request payload: {'action': 'decrement', 'item_id': '644fdd1527d4a8df36e00e34', 'quantity': 1} [in /app/app.py:363]
2023-05-03 09:11:02,846 INFO: Cart updated successfully [in /app/app.py:399]
2023-05-03 09:14:00,243 INFO: Application startup [in /app/app.py:68]
2023-05-03 09:22:34,167 INFO: update_cart route called [in /app/app.py:362]
2023-05-03 09:22:34,168 INFO: Request payload: {'action': 'delete', 'item_id': '644fdd1527d4a8df36e00e34', 'quantity': 0} [in /app/app.py:363]
2023-05-03 09:22:34,355 INFO: Cart updated successfully [in /app/app.py:399]
2023-05-03 09:37:04,305 INFO: Application startup [in /app/app.py:68]
2023-05-03 09:37:21,300 INFO: update_cart route called [in /app/app.py:362]
2023-05-03 09:37:21,301 INFO: Request payload: {'action': 'decrement', 'item_id': '644f37bf711edbcbf5887c1e', 'quantity': 1} [in /app/app.py:363]
2023-05-03 09:37:21,491 INFO: Cart updated successfully [in /app/app.py:399]
2023-05-03 09:40:51,826 INFO: Application startup [in /app/app.py:68]
2023-05-03 09:44:11,456 INFO: Application startup [in /app/app.py:68]
2023-05-03 09:44:28,319 INFO: update_cart route called [in /app/app.py:362]
2023-05-03 09:44:28,321 INFO: Request payload: {'action': 'delete', 'item_id': '644f37bf711edbcbf5887c1e'} [in /app/app.py:363]
2023-05-03 09:44:28,512 INFO: Cart updated successfully [in /app/app.py:399]
2023-05-03 09:44:30,498 INFO: update_cart route called [in /app/app.py:362]
2023-05-03 09:44:30,500 INFO: Request payload: {'action': 'delete', 'item_id': '644fdda027d4a8df36e00e37'} [in /app/app.py:363]
2023-05-03 09:44:30,681 INFO: Cart updated successfully [in /app/app.py:399]
2023-05-03 09:44:32,054 INFO: update_cart route called [in /app/app.py:362]
2023-05-03 09:44:32,056 INFO: Request payload: {'action': 'delete', 'item_id': '644fddc527d4a8df36e00e3a'} [in /app/app.py:363]
2023-05-03 09:44:32,231 INFO: Cart updated successfully [in /app/app.py:399]
2023-05-04 22:17:48,303 INFO: Application startup [in /app/app.py:78]
2023-05-04 22:18:09,862 ERROR: Exception on /shoppingcart [GET] [in /usr/local/lib/python3.11/site-packages/flask/app.py:1414]
Traceback (most recent call last):
  File "/usr/local/lib/python3.11/site-packages/flask/app.py", line 2190, in wsgi_app
    response = self.full_dispatch_request()
               ^^^^^^^^^^^^^^^^^^^^^^^^^^^^
  File "/usr/local/lib/python3.11/site-packages/flask/app.py", line 1486, in full_dispatch_request
    rv = self.handle_user_exception(e)
         ^^^^^^^^^^^^^^^^^^^^^^^^^^^^^
  File "/usr/local/lib/python3.11/site-packages/flask_restful/__init__.py", line 271, in error_router
    return original_handler(e)
           ^^^^^^^^^^^^^^^^^^^
  File "/usr/local/lib/python3.11/site-packages/flask/app.py", line 1484, in full_dispatch_request
    rv = self.dispatch_request()
         ^^^^^^^^^^^^^^^^^^^^^^^
  File "/usr/local/lib/python3.11/site-packages/flask/app.py", line 1469, in dispatch_request
    return self.ensure_sync(self.view_functions[rule.endpoint])(**view_args)
           ^^^^^^^^^^^^^^^^^^^^^^^^^^^^^^^^^^^^^^^^^^^^^^^^^^^^^^^^^^^^^^^^^
  File "/usr/local/lib/python3.11/site-packages/flask_login/utils.py", line 290, in decorated_view
    return current_app.ensure_sync(func)(*args, **kwargs)
           ^^^^^^^^^^^^^^^^^^^^^^^^^^^^^^^^^^^^^^^^^^^^^^
  File "/app/app.py", line 310, in shopping_cart
    item_details["quantity"] = item["quantity"]
    ~~~~~~~~~~~~^^^^^^^^^^^^
TypeError: 'NoneType' object does not support item assignment
